# JRE version: Java(TM) SE Runtime Environment (22.0+36) (build 22+36-2370)
# Java VM: Java HotSpot(TM) 64-Bit Server VM (22+36-2370, mixed mode, sharing, tiered, compressed oops, compressed class ptrs, g1 gc, windows-amd64)
GC Precious Log:
 CardTable entry size: 512
 Card Set container configuration: InlinePtr #cards 4 size 8 Array Of Cards #cards 16 size 48 Howl #buckets 8 coarsen threshold 3686 Howl Bitmap #cards 512 size 80 coarsen threshold 460 Card regions per heap region 1 cards per card region 4096
 CPUs: 12 total, 12 available
 Memory: 14188M
 Large Page Support: Disabled
 NUMA Support: Disabled
 Compressed Oops: Enabled (Zero based)
 Heap Region Size: 2M
 Heap Min Capacity: 8M
 Heap Initial Capacity: 222M
 Heap Max Capacity: 3548M
 Pre-touch: Disabled
 Parallel Workers: 10
 Concurrent Workers: 3
 Concurrent Refinement Workers: 10
 Periodic GC: Disabled
Heap:
 garbage-first heap   total reserved 3633152K, committed 161792K, used 107158K [0x0000000722400000, 0x0000000800000000)
  region size 2048K, 7 young (14336K), 1 survivors (2048K)
 Metaspace       used 30478K, committed 30912K, reserved 1114112K
  class space    used 4192K, committed 4352K, reserved 1048576K
GC Heap History (14 events):
Event: 0.851 GC heap before
{Heap before GC invocations=0 (full 0):
 garbage-first heap   total reserved 3633152K, committed 227328K, used 22528K [0x0000000722400000, 0x0000000800000000)
  region size 2048K, 12 young (24576K), 0 survivors (0K)
 Metaspace       used 4640K, committed 4864K, reserved 1114112K
  class space    used 513K, committed 640K, reserved 1048576K
}
Event: 0.855 GC heap after
{Heap after GC invocations=1 (full 0):
 garbage-first heap   total reserved 3633152K, committed 227328K, used 2940K [0x0000000722400000, 0x0000000800000000)
  region size 2048K, 2 young (4096K), 2 survivors (4096K)
 Metaspace       used 4640K, committed 4864K, reserved 1114112K
  class space    used 513K, committed 640K, reserved 1048576K
}
Event: 1.806 GC heap before
{Heap before GC invocations=1 (full 0):
 garbage-first heap   total reserved 3633152K, committed 227328K, used 43900K [0x0000000722400000, 0x0000000800000000)
  region size 2048K, 23 young (47104K), 2 survivors (4096K)
 Metaspace       used 13971K, committed 14272K, reserved 1114112K
  class space    used 1987K, committed 2112K, reserved 1048576K
}
Event: 1.813 GC heap after
{Heap after GC invocations=2 (full 0):
 garbage-first heap   total reserved 3633152K, committed 227328K, used 9191K [0x0000000722400000, 0x0000000800000000)
  region size 2048K, 3 young (6144K), 3 survivors (6144K)
 Metaspace       used 13971K, committed 14272K, reserved 1114112K
  class space    used 1987K, committed 2112K, reserved 1048576K
}
Event: 54.399 GC heap before
{Heap before GC invocations=2 (full 0):
 garbage-first heap   total reserved 3633152K, committed 227328K, used 39911K [0x0000000722400000, 0x0000000800000000)
  region size 2048K, 19 young (38912K), 3 survivors (6144K)
 Metaspace       used 21108K, committed 21504K, reserved 1114112K
  class space    used 3083K, committed 3264K, reserved 1048576K
}
Event: 54.408 GC heap after
{Heap after GC invocations=3 (full 0):
 garbage-first heap   total reserved 3633152K, committed 227328K, used 16798K [0x0000000722400000, 0x0000000800000000)
  region size 2048K, 6 young (12288K), 6 survivors (12288K)
 Metaspace       used 21108K, committed 21504K, reserved 1114112K
  class space    used 3083K, committed 3264K, reserved 1048576K
}
Event: 59.542 GC heap before
{Heap before GC invocations=4 (full 0):
 garbage-first heap   total reserved 3633152K, committed 61440K, used 41374K [0x0000000722400000, 0x0000000800000000)
  region size 2048K, 18 young (36864K), 6 survivors (12288K)
 Metaspace       used 23744K, committed 24128K, reserved 1114112K
  class space    used 3416K, committed 3584K, reserved 1048576K
}
Event: 59.557 GC heap after
{Heap after GC invocations=5 (full 0):
 garbage-first heap   total reserved 3633152K, committed 61440K, used 19123K [0x0000000722400000, 0x0000000800000000)
  region size 2048K, 2 young (4096K), 2 survivors (4096K)
 Metaspace       used 23744K, committed 24128K, reserved 1114112K
  class space    used 3416K, committed 3584K, reserved 1048576K
}
Event: 62.134 GC heap before
{Heap before GC invocations=5 (full 0):
 garbage-first heap   total reserved 3633152K, committed 100352K, used 96947K [0x0000000722400000, 0x0000000800000000)
  region size 2048K, 6 young (12288K), 2 survivors (4096K)
 Metaspace       used 25536K, committed 25920K, reserved 1114112K
  class space    used 3603K, committed 3776K, reserved 1048576K
}
Event: 62.141 GC heap after
{Heap after GC invocations=6 (full 0):
 garbage-first heap   total reserved 3633152K, committed 110592K, used 93413K [0x0000000722400000, 0x0000000800000000)
  region size 2048K, 2 young (4096K), 2 survivors (4096K)
 Metaspace       used 25536K, committed 25920K, reserved 1114112K
  class space    used 3603K, committed 3776K, reserved 1048576K
}
Event: 62.172 GC heap before
{Heap before GC invocations=6 (full 0):
 garbage-first heap   total reserved 3633152K, committed 110592K, used 95461K [0x0000000722400000, 0x0000000800000000)
  region size 2048K, 3 young (6144K), 2 survivors (4096K)
 Metaspace       used 26052K, committed 26432K, reserved 1114112K
  class space    used 3653K, committed 3840K, reserved 1048576K
}
Event: 62.176 GC heap after
{Heap after GC invocations=7 (full 0):
 garbage-first heap   total reserved 3633152K, committed 110592K, used 94696K [0x0000000722400000, 0x0000000800000000)
  region size 2048K, 1 young (2048K), 1 survivors (2048K)
 Metaspace       used 26052K, committed 26432K, reserved 1114112K
  class space    used 3653K, committed 3840K, reserved 1048576K
}
Event: 62.332 GC heap before
{Heap before GC invocations=8 (full 0):
 garbage-first heap   total reserved 3633152K, committed 161792K, used 96744K [0x0000000722400000, 0x0000000800000000)
  region size 2048K, 3 young (6144K), 1 survivors (2048K)
 Metaspace       used 27700K, committed 28096K, reserved 1114112K
  class space    used 3836K, committed 4032K, reserved 1048576K
}
Event: 62.335 GC heap after
{Heap after GC invocations=9 (full 0):
 garbage-first heap   total reserved 3633152K, committed 161792K, used 94870K [0x0000000722400000, 0x0000000800000000)
  region size 2048K, 1 young (2048K), 1 survivors (2048K)
 Metaspace       used 27700K, committed 28096K, reserved 1114112K
  class space    used 3836K, committed 4032K, reserved 1048576K
}

